The system is: Darwin - 15.3.0 - x86_64
Compiling the C compiler identification source file "CMakeCCompilerId.c" succeeded.
Compiler: /Applications/Xcode.app/Contents/Developer/Toolchains/XcodeDefault.xctoolchain/usr/bin/cc 
Build flags: 
Id flags: 

The output was:
0


Compilation of the C compiler identification source "CMakeCCompilerId.c" produced "a.out"

The C compiler identification is AppleClang, found in "/nfs/2015/m/mfroehly/Downloads/glfw-3.1.2/unix/CMakeFiles/3.5.0/CompilerIdC/a.out"

Determining if the C compiler works passed with the following output:
Change Dir: /nfs/2015/m/mfroehly/Downloads/glfw-3.1.2/unix/CMakeFiles/CMakeTmp

Run Build Command:"/usr/bin/make" "cmTC_2edce/fast"
/Applications/Xcode.app/Contents/Developer/usr/bin/make -f CMakeFiles/cmTC_2edce.dir/build.make CMakeFiles/cmTC_2edce.dir/build
Building C object CMakeFiles/cmTC_2edce.dir/testCCompiler.c.o
/Applications/Xcode.app/Contents/Developer/Toolchains/XcodeDefault.xctoolchain/usr/bin/cc     -o CMakeFiles/cmTC_2edce.dir/testCCompiler.c.o   -c /nfs/2015/m/mfroehly/Downloads/glfw-3.1.2/unix/CMakeFiles/CMakeTmp/testCCompiler.c
Linking C executable cmTC_2edce
/nfs/2015/m/mfroehly/Desktop/CMake.app/Contents/bin/cmake -E cmake_link_script CMakeFiles/cmTC_2edce.dir/link.txt --verbose=1
/Applications/Xcode.app/Contents/Developer/Toolchains/XcodeDefault.xctoolchain/usr/bin/cc    -Wl,-search_paths_first -Wl,-headerpad_max_install_names   CMakeFiles/cmTC_2edce.dir/testCCompiler.c.o  -o cmTC_2edce  


Detecting C compiler ABI info compiled with the following output:
Change Dir: /nfs/2015/m/mfroehly/Downloads/glfw-3.1.2/unix/CMakeFiles/CMakeTmp

Run Build Command:"/usr/bin/make" "cmTC_282e2/fast"
/Applications/Xcode.app/Contents/Developer/usr/bin/make -f CMakeFiles/cmTC_282e2.dir/build.make CMakeFiles/cmTC_282e2.dir/build
Building C object CMakeFiles/cmTC_282e2.dir/CMakeCCompilerABI.c.o
/Applications/Xcode.app/Contents/Developer/Toolchains/XcodeDefault.xctoolchain/usr/bin/cc     -o CMakeFiles/cmTC_282e2.dir/CMakeCCompilerABI.c.o   -c /nfs/2015/m/mfroehly/Desktop/CMake.app/Contents/share/cmake-3.5/Modules/CMakeCCompilerABI.c
Linking C executable cmTC_282e2
/nfs/2015/m/mfroehly/Desktop/CMake.app/Contents/bin/cmake -E cmake_link_script CMakeFiles/cmTC_282e2.dir/link.txt --verbose=1
/Applications/Xcode.app/Contents/Developer/Toolchains/XcodeDefault.xctoolchain/usr/bin/cc    -Wl,-search_paths_first -Wl,-headerpad_max_install_names  -v -Wl,-v CMakeFiles/cmTC_282e2.dir/CMakeCCompilerABI.c.o  -o cmTC_282e2   
Apple LLVM version 7.0.2 (clang-700.1.81)
Target: x86_64-apple-darwin15.3.0
Thread model: posix
 "/Applications/Xcode.app/Contents/Developer/Toolchains/XcodeDefault.xctoolchain/usr/bin/ld" -demangle -dynamic -arch x86_64 -macosx_version_min 10.11.0 -o cmTC_282e2 -search_paths_first -headerpad_max_install_names -v CMakeFiles/cmTC_282e2.dir/CMakeCCompilerABI.c.o -lSystem /Applications/Xcode.app/Contents/Developer/Toolchains/XcodeDefault.xctoolchain/usr/bin/../lib/clang/7.0.2/lib/darwin/libclang_rt.osx.a
@(#)PROGRAM:ld  PROJECT:ld64-253.9
configured to support archs: armv6 armv7 armv7s arm64 i386 x86_64 x86_64h armv6m armv7k armv7m armv7em (tvOS)
Library search paths:
	/usr/lib
	/usr/local/lib
Framework search paths:
	/Library/Frameworks/
	/System/Library/Frameworks/


Parsed C implicit link information from above output:
  link line regex: [^( *|.*[/\])(ld|([^/\]+-)?ld|collect2)[^/\]*( |$)]
  ignore line: [Change Dir: /nfs/2015/m/mfroehly/Downloads/glfw-3.1.2/unix/CMakeFiles/CMakeTmp]
  ignore line: []
  ignore line: [Run Build Command:"/usr/bin/make" "cmTC_282e2/fast"]
  ignore line: [/Applications/Xcode.app/Contents/Developer/usr/bin/make -f CMakeFiles/cmTC_282e2.dir/build.make CMakeFiles/cmTC_282e2.dir/build]
  ignore line: [Building C object CMakeFiles/cmTC_282e2.dir/CMakeCCompilerABI.c.o]
  ignore line: [/Applications/Xcode.app/Contents/Developer/Toolchains/XcodeDefault.xctoolchain/usr/bin/cc     -o CMakeFiles/cmTC_282e2.dir/CMakeCCompilerABI.c.o   -c /nfs/2015/m/mfroehly/Desktop/CMake.app/Contents/share/cmake-3.5/Modules/CMakeCCompilerABI.c]
  ignore line: [Linking C executable cmTC_282e2]
  ignore line: [/nfs/2015/m/mfroehly/Desktop/CMake.app/Contents/bin/cmake -E cmake_link_script CMakeFiles/cmTC_282e2.dir/link.txt --verbose=1]
  ignore line: [/Applications/Xcode.app/Contents/Developer/Toolchains/XcodeDefault.xctoolchain/usr/bin/cc    -Wl,-search_paths_first -Wl,-headerpad_max_install_names  -v -Wl,-v CMakeFiles/cmTC_282e2.dir/CMakeCCompilerABI.c.o  -o cmTC_282e2   ]
  ignore line: [Apple LLVM version 7.0.2 (clang-700.1.81)]
  ignore line: [Target: x86_64-apple-darwin15.3.0]
  ignore line: [Thread model: posix]
  link line: [ "/Applications/Xcode.app/Contents/Developer/Toolchains/XcodeDefault.xctoolchain/usr/bin/ld" -demangle -dynamic -arch x86_64 -macosx_version_min 10.11.0 -o cmTC_282e2 -search_paths_first -headerpad_max_install_names -v CMakeFiles/cmTC_282e2.dir/CMakeCCompilerABI.c.o -lSystem /Applications/Xcode.app/Contents/Developer/Toolchains/XcodeDefault.xctoolchain/usr/bin/../lib/clang/7.0.2/lib/darwin/libclang_rt.osx.a]
    arg [/Applications/Xcode.app/Contents/Developer/Toolchains/XcodeDefault.xctoolchain/usr/bin/ld] ==> ignore
    arg [-demangle] ==> ignore
    arg [-dynamic] ==> ignore
    arg [-arch] ==> ignore
    arg [x86_64] ==> ignore
    arg [-macosx_version_min] ==> ignore
    arg [10.11.0] ==> ignore
    arg [-o] ==> ignore
    arg [cmTC_282e2] ==> ignore
    arg [-search_paths_first] ==> ignore
    arg [-headerpad_max_install_names] ==> ignore
    arg [-v] ==> ignore
    arg [CMakeFiles/cmTC_282e2.dir/CMakeCCompilerABI.c.o] ==> ignore
    arg [-lSystem] ==> lib [System]
    arg [/Applications/Xcode.app/Contents/Developer/Toolchains/XcodeDefault.xctoolchain/usr/bin/../lib/clang/7.0.2/lib/darwin/libclang_rt.osx.a] ==> lib [/Applications/Xcode.app/Contents/Developer/Toolchains/XcodeDefault.xctoolchain/usr/bin/../lib/clang/7.0.2/lib/darwin/libclang_rt.osx.a]
  Library search paths: [;/usr/lib;/usr/local/lib]
  Framework search paths: [;/Library/Frameworks/;/System/Library/Frameworks/]
  remove lib [System]
  collapse lib [/Applications/Xcode.app/Contents/Developer/Toolchains/XcodeDefault.xctoolchain/usr/bin/../lib/clang/7.0.2/lib/darwin/libclang_rt.osx.a] ==> [/Applications/Xcode.app/Contents/Developer/Toolchains/XcodeDefault.xctoolchain/usr/lib/clang/7.0.2/lib/darwin/libclang_rt.osx.a]
  collapse library dir [/usr/lib] ==> [/usr/lib]
  collapse library dir [/usr/local/lib] ==> [/usr/local/lib]
  collapse framework dir [/Library/Frameworks/] ==> [/Library/Frameworks]
  collapse framework dir [/System/Library/Frameworks/] ==> [/System/Library/Frameworks]
  implicit libs: [/Applications/Xcode.app/Contents/Developer/Toolchains/XcodeDefault.xctoolchain/usr/lib/clang/7.0.2/lib/darwin/libclang_rt.osx.a]
  implicit dirs: [/usr/lib;/usr/local/lib]
  implicit fwks: [/Library/Frameworks;/System/Library/Frameworks]




Detecting C [-std=c11] compiler features compiled with the following output:
Change Dir: /nfs/2015/m/mfroehly/Downloads/glfw-3.1.2/unix/CMakeFiles/CMakeTmp

Run Build Command:"/usr/bin/make" "cmTC_6f9c0/fast"
/Applications/Xcode.app/Contents/Developer/usr/bin/make -f CMakeFiles/cmTC_6f9c0.dir/build.make CMakeFiles/cmTC_6f9c0.dir/build
Building C object CMakeFiles/cmTC_6f9c0.dir/feature_tests.c.o
/Applications/Xcode.app/Contents/Developer/Toolchains/XcodeDefault.xctoolchain/usr/bin/cc    -std=c11 -o CMakeFiles/cmTC_6f9c0.dir/feature_tests.c.o   -c /nfs/2015/m/mfroehly/Downloads/glfw-3.1.2/unix/CMakeFiles/feature_tests.c
Linking C executable cmTC_6f9c0
/nfs/2015/m/mfroehly/Desktop/CMake.app/Contents/bin/cmake -E cmake_link_script CMakeFiles/cmTC_6f9c0.dir/link.txt --verbose=1
/Applications/Xcode.app/Contents/Developer/Toolchains/XcodeDefault.xctoolchain/usr/bin/cc    -Wl,-search_paths_first -Wl,-headerpad_max_install_names   CMakeFiles/cmTC_6f9c0.dir/feature_tests.c.o  -o cmTC_6f9c0  


    Feature record: C_FEATURE:1c_function_prototypes
    Feature record: C_FEATURE:1c_restrict
    Feature record: C_FEATURE:1c_static_assert
    Feature record: C_FEATURE:1c_variadic_macros


Detecting C [-std=c99] compiler features compiled with the following output:
Change Dir: /nfs/2015/m/mfroehly/Downloads/glfw-3.1.2/unix/CMakeFiles/CMakeTmp

Run Build Command:"/usr/bin/make" "cmTC_768ea/fast"
/Applications/Xcode.app/Contents/Developer/usr/bin/make -f CMakeFiles/cmTC_768ea.dir/build.make CMakeFiles/cmTC_768ea.dir/build
Building C object CMakeFiles/cmTC_768ea.dir/feature_tests.c.o
/Applications/Xcode.app/Contents/Developer/Toolchains/XcodeDefault.xctoolchain/usr/bin/cc    -std=c99 -o CMakeFiles/cmTC_768ea.dir/feature_tests.c.o   -c /nfs/2015/m/mfroehly/Downloads/glfw-3.1.2/unix/CMakeFiles/feature_tests.c
Linking C executable cmTC_768ea
/nfs/2015/m/mfroehly/Desktop/CMake.app/Contents/bin/cmake -E cmake_link_script CMakeFiles/cmTC_768ea.dir/link.txt --verbose=1
/Applications/Xcode.app/Contents/Developer/Toolchains/XcodeDefault.xctoolchain/usr/bin/cc    -Wl,-search_paths_first -Wl,-headerpad_max_install_names   CMakeFiles/cmTC_768ea.dir/feature_tests.c.o  -o cmTC_768ea  


    Feature record: C_FEATURE:1c_function_prototypes
    Feature record: C_FEATURE:1c_restrict
    Feature record: C_FEATURE:0c_static_assert
    Feature record: C_FEATURE:1c_variadic_macros


Detecting C [-std=c90] compiler features compiled with the following output:
Change Dir: /nfs/2015/m/mfroehly/Downloads/glfw-3.1.2/unix/CMakeFiles/CMakeTmp

Run Build Command:"/usr/bin/make" "cmTC_ed2c4/fast"
/Applications/Xcode.app/Contents/Developer/usr/bin/make -f CMakeFiles/cmTC_ed2c4.dir/build.make CMakeFiles/cmTC_ed2c4.dir/build
Building C object CMakeFiles/cmTC_ed2c4.dir/feature_tests.c.o
/Applications/Xcode.app/Contents/Developer/Toolchains/XcodeDefault.xctoolchain/usr/bin/cc    -std=c90 -o CMakeFiles/cmTC_ed2c4.dir/feature_tests.c.o   -c /nfs/2015/m/mfroehly/Downloads/glfw-3.1.2/unix/CMakeFiles/feature_tests.c
Linking C executable cmTC_ed2c4
/nfs/2015/m/mfroehly/Desktop/CMake.app/Contents/bin/cmake -E cmake_link_script CMakeFiles/cmTC_ed2c4.dir/link.txt --verbose=1
/Applications/Xcode.app/Contents/Developer/Toolchains/XcodeDefault.xctoolchain/usr/bin/cc    -Wl,-search_paths_first -Wl,-headerpad_max_install_names   CMakeFiles/cmTC_ed2c4.dir/feature_tests.c.o  -o cmTC_ed2c4  


    Feature record: C_FEATURE:1c_function_prototypes
    Feature record: C_FEATURE:0c_restrict
    Feature record: C_FEATURE:0c_static_assert
    Feature record: C_FEATURE:0c_variadic_macros
Determining if the include file pthread.h exists passed with the following output:
Change Dir: /nfs/2015/m/mfroehly/Downloads/glfw-3.1.2/unix/CMakeFiles/CMakeTmp

Run Build Command:"/usr/bin/make" "cmTC_d0d5e/fast"
/Applications/Xcode.app/Contents/Developer/usr/bin/make -f CMakeFiles/cmTC_d0d5e.dir/build.make CMakeFiles/cmTC_d0d5e.dir/build
Building C object CMakeFiles/cmTC_d0d5e.dir/CheckIncludeFile.c.o
/Applications/Xcode.app/Contents/Developer/Toolchains/XcodeDefault.xctoolchain/usr/bin/cc     -o CMakeFiles/cmTC_d0d5e.dir/CheckIncludeFile.c.o   -c /nfs/2015/m/mfroehly/Downloads/glfw-3.1.2/unix/CMakeFiles/CMakeTmp/CheckIncludeFile.c
Linking C executable cmTC_d0d5e
/nfs/2015/m/mfroehly/Desktop/CMake.app/Contents/bin/cmake -E cmake_link_script CMakeFiles/cmTC_d0d5e.dir/link.txt --verbose=1
/Applications/Xcode.app/Contents/Developer/Toolchains/XcodeDefault.xctoolchain/usr/bin/cc    -Wl,-search_paths_first -Wl,-headerpad_max_install_names   CMakeFiles/cmTC_d0d5e.dir/CheckIncludeFile.c.o  -o cmTC_d0d5e  


Determining if the pthread_create exist passed with the following output:
Change Dir: /nfs/2015/m/mfroehly/Downloads/glfw-3.1.2/unix/CMakeFiles/CMakeTmp

Run Build Command:"/usr/bin/make" "cmTC_dec14/fast"
/Applications/Xcode.app/Contents/Developer/usr/bin/make -f CMakeFiles/cmTC_dec14.dir/build.make CMakeFiles/cmTC_dec14.dir/build
Building C object CMakeFiles/cmTC_dec14.dir/CheckSymbolExists.c.o
/Applications/Xcode.app/Contents/Developer/Toolchains/XcodeDefault.xctoolchain/usr/bin/cc     -o CMakeFiles/cmTC_dec14.dir/CheckSymbolExists.c.o   -c /nfs/2015/m/mfroehly/Downloads/glfw-3.1.2/unix/CMakeFiles/CMakeTmp/CheckSymbolExists.c
Linking C executable cmTC_dec14
/nfs/2015/m/mfroehly/Desktop/CMake.app/Contents/bin/cmake -E cmake_link_script CMakeFiles/cmTC_dec14.dir/link.txt --verbose=1
/Applications/Xcode.app/Contents/Developer/Toolchains/XcodeDefault.xctoolchain/usr/bin/cc    -Wl,-search_paths_first -Wl,-headerpad_max_install_names   CMakeFiles/cmTC_dec14.dir/CheckSymbolExists.c.o  -o cmTC_dec14  

File /nfs/2015/m/mfroehly/Downloads/glfw-3.1.2/unix/CMakeFiles/CMakeTmp/CheckSymbolExists.c:
/* */
#include <pthread.h>

int main(int argc, char** argv)
{
  (void)argv;
#ifndef pthread_create
  return ((int*)(&pthread_create))[argc];
#else
  (void)argc;
  return 0;
#endif
}

